<?xml version="1.0" encoding="UTF-8"?>
<!-- Generated by org.testng.reporters.JUnitReportReporter -->
<testsuite hostname="DESKTOP-RUC4Q20" failures="0" tests="3" name="Runner_Files.Ex2_MultpleScenarios_Runner" time="0.254" errors="0" timestamp="2025-01-01T11:10:58 IST" skipped="0">
  <testcase classname="Runner_Files.Ex2_MultpleScenarios_Runner" name="runScenario" time="0.201"/>
  <system-out/>
  <testcase classname="Runner_Files.Ex2_MultpleScenarios_Runner" name="runScenario" time="0.021"/>
  <system-out/>
  <testcase classname="Runner_Files.Ex2_MultpleScenarios_Runner" name="runScenario" time="0.032"/>
  <system-out/>
</testsuite> <!-- Runner_Files.Ex2_MultpleScenarios_Runner -->
