<?xml version="1.0" encoding="UTF-8"?>
<!-- Generated by org.testng.reporters.JUnitReportReporter -->
<testsuite hostname="DESKTOP-RUC4Q20" failures="0" tests="1" name="Runner_Files.Ex16_RerunFailedScenariosRunner" time="0.216" errors="0" timestamp="2025-01-01T10:42:36 IST" skipped="0">
  <testcase classname="Runner_Files.Ex16_RerunFailedScenariosRunner" name="runScenario" time="0.216"/>
  <system-out/>
</testsuite> <!-- Runner_Files.Ex16_RerunFailedScenariosRunner -->
