<?xml version="1.0" encoding="UTF-8"?>
<!-- Generated by org.testng.reporters.JUnitReportReporter -->
<testsuite hostname="DESKTOP-RUC4Q20" failures="0" tests="4" name="Runner_Files.Ex3_ProfileSteps_Runner" time="0.217" errors="0" timestamp="2024-12-28T17:49:17 IST" skipped="0">
  <testcase classname="Runner_Files.Ex3_ProfileSteps_Runner" name="runScenario" time="0.019"/>
  <system-out/>
  <testcase classname="Runner_Files.Ex3_ProfileSteps_Runner" name="runScenario" time="0.026"/>
  <system-out/>
  <testcase classname="Runner_Files.Ex3_ProfileSteps_Runner" name="runScenario" time="0.157"/>
  <system-out/>
  <testcase classname="Runner_Files.Ex3_ProfileSteps_Runner" name="runScenario" time="0.015"/>
  <system-out/>
</testsuite> <!-- Runner_Files.Ex3_ProfileSteps_Runner -->
