<?xml version="1.0" encoding="UTF-8"?>
<!-- Generated by org.testng.reporters.JUnitReportReporter -->
<testsuite hostname="DESKTOP-RUC4Q20" failures="0" tests="2" name="Runner_Files.Ex11_Tags_Runner" time="0.287" errors="0" timestamp="2024-12-30T17:27:50 IST" skipped="0">
  <testcase classname="Runner_Files.Ex11_Tags_Runner" name="runScenario" time="0.063"/>
  <system-out/>
  <testcase classname="Runner_Files.Ex11_Tags_Runner" name="runScenario" time="0.224"/>
  <system-out/>
</testsuite> <!-- Runner_Files.Ex11_Tags_Runner -->
