<?xml version="1.0" encoding="UTF-8"?>
<!-- Generated by org.testng.reporters.JUnitReportReporter -->
<testsuite hostname="DESKTOP-RUC4Q20" failures="0" tests="3" name="Runner_Files.Ex10_Hooks_Runner" time="0.422" errors="0" timestamp="2024-12-30T17:18:58 IST" skipped="0">
  <testcase classname="Runner_Files.Ex10_Hooks_Runner" name="runScenario" time="0.057"/>
  <system-out/>
  <testcase classname="Runner_Files.Ex10_Hooks_Runner" name="runScenario" time="0.065"/>
  <system-out/>
  <testcase classname="Runner_Files.Ex10_Hooks_Runner" name="runScenario" time="0.300"/>
  <system-out/>
</testsuite> <!-- Runner_Files.Ex10_Hooks_Runner -->
