<?xml version="1.0" encoding="UTF-8"?>
<!-- Generated by org.testng.reporters.JUnitReportReporter -->
<testsuite hostname="DESKTOP-RUC4Q20" failures="0" tests="1" name="RTE_Runner.RTE3_SwagLabOrderRunner" time="24.725" errors="0" timestamp="2025-01-02T18:56:58 IST" skipped="0">
  <testcase classname="RTE_Runner.RTE3_SwagLabOrderRunner" name="runScenario" time="24.725"/>
  <system-out/>
</testsuite> <!-- RTE_Runner.RTE3_SwagLabOrderRunner -->
