<?xml version="1.0" encoding="UTF-8"?>
<!-- Generated by org.testng.reporters.JUnitReportReporter -->
<testsuite hostname="DESKTOP-RUC4Q20" failures="0" tests="4" name="RTE_Runner.RTE2_SwagLabProductRunner" time="64.470" errors="0" timestamp="2025-01-02T18:55:39 IST" skipped="0">
  <testcase classname="RTE_Runner.RTE2_SwagLabProductRunner" name="runScenario" time="17.261"/>
  <system-out/>
  <testcase classname="RTE_Runner.RTE2_SwagLabProductRunner" name="runScenario" time="15.097"/>
  <system-out/>
  <testcase classname="RTE_Runner.RTE2_SwagLabProductRunner" name="runScenario" time="15.963"/>
  <system-out/>
  <testcase classname="RTE_Runner.RTE2_SwagLabProductRunner" name="runScenario" time="16.149"/>
  <system-out/>
</testsuite> <!-- RTE_Runner.RTE2_SwagLabProductRunner -->
