<?xml version="1.0" encoding="UTF-8"?>
<!-- Generated by org.testng.reporters.JUnitReportReporter -->
<testsuite hostname="DESKTOP-RUC4Q20" failures="0" tests="5" name="Runner_Files.Ex6_ScenarioOutline_Runner" time="0.304" errors="0" timestamp="2024-12-28T18:25:38 IST" skipped="0">
  <testcase classname="Runner_Files.Ex6_ScenarioOutline_Runner" name="runScenario" time="0.020"/>
  <system-out/>
  <testcase classname="Runner_Files.Ex6_ScenarioOutline_Runner" name="runScenario" time="0.020"/>
  <system-out/>
  <testcase classname="Runner_Files.Ex6_ScenarioOutline_Runner" name="runScenario" time="0.194"/>
  <system-out/>
  <testcase classname="Runner_Files.Ex6_ScenarioOutline_Runner" name="runScenario" time="0.029"/>
  <system-out/>
  <testcase classname="Runner_Files.Ex6_ScenarioOutline_Runner" name="runScenario" time="0.041"/>
  <system-out/>
</testsuite> <!-- Runner_Files.Ex6_ScenarioOutline_Runner -->
