<?xml version="1.0" encoding="UTF-8"?>
<!-- Generated by org.testng.reporters.JUnitReportReporter -->
<testsuite hostname="DESKTOP-RUC4Q20" failures="0" tests="4" name="Runner_Files.Ex12_RunMultipleFeatureFiles_Runner" time="0.405" errors="0" timestamp="2025-01-01T10:23:27 IST" skipped="0">
  <testcase classname="Runner_Files.Ex12_RunMultipleFeatureFiles_Runner" name="runScenario" time="0.028"/>
  <system-out/>
  <testcase classname="Runner_Files.Ex12_RunMultipleFeatureFiles_Runner" name="runScenario" time="0.048"/>
  <system-out/>
  <testcase classname="Runner_Files.Ex12_RunMultipleFeatureFiles_Runner" name="runScenario" time="0.065"/>
  <system-out/>
  <testcase classname="Runner_Files.Ex12_RunMultipleFeatureFiles_Runner" name="runScenario" time="0.264"/>
  <system-out/>
</testsuite> <!-- Runner_Files.Ex12_RunMultipleFeatureFiles_Runner -->
