<?xml version="1.0" encoding="UTF-8"?>
<!-- Generated by org.testng.reporters.JUnitReportReporter -->
<testsuite hostname="DESKTOP-RUC4Q20" failures="0" tests="3" name="Runner_Files.Ex5_Useofbackgroundkeyword_Runner" time="0.218" errors="0" timestamp="2024-12-28T17:59:58 IST" skipped="0">
  <testcase classname="Runner_Files.Ex5_Useofbackgroundkeyword_Runner" name="runScenario" time="0.022"/>
  <system-out/>
  <testcase classname="Runner_Files.Ex5_Useofbackgroundkeyword_Runner" name="runScenario" time="0.172"/>
  <system-out/>
  <testcase classname="Runner_Files.Ex5_Useofbackgroundkeyword_Runner" name="runScenario" time="0.024"/>
  <system-out/>
</testsuite> <!-- Runner_Files.Ex5_Useofbackgroundkeyword_Runner -->
