<?xml version="1.0" encoding="UTF-8"?>
<!-- Generated by org.testng.reporters.JUnitReportReporter -->
<testsuite hostname="DESKTOP-RUC4Q20" failures="0" tests="5" name="Runner_Files.Ex8_ScenarioOutline_withBackGroundKeyword_Runner" time="0.388" errors="0" timestamp="2024-12-28T18:31:43 IST" skipped="0">
  <testcase classname="Runner_Files.Ex8_ScenarioOutline_withBackGroundKeyword_Runner" name="runScenario" time="0.028"/>
  <system-out/>
  <testcase classname="Runner_Files.Ex8_ScenarioOutline_withBackGroundKeyword_Runner" name="runScenario" time="0.121"/>
  <system-out/>
  <testcase classname="Runner_Files.Ex8_ScenarioOutline_withBackGroundKeyword_Runner" name="runScenario" time="0.028"/>
  <system-out/>
  <testcase classname="Runner_Files.Ex8_ScenarioOutline_withBackGroundKeyword_Runner" name="runScenario" time="0.175"/>
  <system-out/>
  <testcase classname="Runner_Files.Ex8_ScenarioOutline_withBackGroundKeyword_Runner" name="runScenario" time="0.036"/>
  <system-out/>
</testsuite> <!-- Runner_Files.Ex8_ScenarioOutline_withBackGroundKeyword_Runner -->
