<?xml version="1.0" encoding="UTF-8"?>
<!-- Generated by org.testng.reporters.JUnitReportReporter -->
<testsuite hostname="DESKTOP-RUC4Q20" failures="0" tests="1" name="Runner_Files.Ex1_LoginToSwagLab_Runner" time="0.157" errors="0" timestamp="2024-12-28T16:51:12 IST" skipped="0">
  <testcase classname="Runner_Files.Ex1_LoginToSwagLab_Runner" name="runScenario" time="0.157"/>
  <system-out/>
</testsuite> <!-- Runner_Files.Ex1_LoginToSwagLab_Runner -->
