<?xml version="1.0" encoding="UTF-8"?>
<!-- Generated by org.testng.reporters.JUnitReportReporter -->
<testsuite hostname="DESKTOP-RUC4Q20" failures="0" tests="4" name="Runner_Files.Ex4_ProfileSteps_Runner" time="0.244" errors="0" timestamp="2024-12-28T17:49:34 IST" skipped="0">
  <testcase classname="Runner_Files.Ex4_ProfileSteps_Runner" name="runScenario" time="0.015"/>
  <system-out/>
  <testcase classname="Runner_Files.Ex4_ProfileSteps_Runner" name="runScenario" time="0.019"/>
  <system-out/>
  <testcase classname="Runner_Files.Ex4_ProfileSteps_Runner" name="runScenario" time="0.189"/>
  <system-out/>
  <testcase classname="Runner_Files.Ex4_ProfileSteps_Runner" name="runScenario" time="0.021"/>
  <system-out/>
</testsuite> <!-- Runner_Files.Ex4_ProfileSteps_Runner -->
