<?xml version="1.0" encoding="UTF-8"?>
<!-- Generated by org.testng.reporters.JUnitReportReporter -->
<testsuite hostname="DESKTOP-RUC4Q20" failures="0" tests="3" name="Runner_Files.Ex14_GenerateReportRunner" time="0.389" errors="0" timestamp="2025-01-01T10:31:51 IST" skipped="0">
  <testcase classname="Runner_Files.Ex14_GenerateReportRunner" name="runScenario" time="0.063"/>
  <system-out/>
  <testcase classname="Runner_Files.Ex14_GenerateReportRunner" name="runScenario" time="0.225"/>
  <system-out/>
  <testcase classname="Runner_Files.Ex14_GenerateReportRunner" name="runScenario" time="0.101"/>
  <system-out/>
</testsuite> <!-- Runner_Files.Ex14_GenerateReportRunner -->
