<?xml version="1.0" encoding="UTF-8"?>
<!-- Generated by org.testng.reporters.JUnitReportReporter -->
<testsuite hostname="DESKTOP-RUC4Q20" failures="0" tests="5" name="Runner_Files.Ex7_ScenarioOutline_withScenarios_Runner" time="0.271" errors="0" timestamp="2024-12-28T18:28:25 IST" skipped="0">
  <testcase classname="Runner_Files.Ex7_ScenarioOutline_withScenarios_Runner" name="runScenario" time="0.019"/>
  <system-out/>
  <testcase classname="Runner_Files.Ex7_ScenarioOutline_withScenarios_Runner" name="runScenario" time="0.039"/>
  <system-out/>
  <testcase classname="Runner_Files.Ex7_ScenarioOutline_withScenarios_Runner" name="runScenario" time="0.025"/>
  <system-out/>
  <testcase classname="Runner_Files.Ex7_ScenarioOutline_withScenarios_Runner" name="runScenario" time="0.167"/>
  <system-out/>
  <testcase classname="Runner_Files.Ex7_ScenarioOutline_withScenarios_Runner" name="runScenario" time="0.021"/>
  <system-out/>
</testsuite> <!-- Runner_Files.Ex7_ScenarioOutline_withScenarios_Runner -->
