<?xml version="1.0" encoding="UTF-8"?>
<!-- Generated by org.testng.reporters.JUnitReportReporter -->
<testsuite hostname="DESKTOP-RUC4Q20" failures="0" tests="1" name="Runner_Files.Ex9_DataTable_Runner" time="0.228" errors="0" timestamp="2024-12-30T16:54:41 IST" skipped="0">
  <testcase classname="Runner_Files.Ex9_DataTable_Runner" name="runScenario" time="0.228"/>
  <system-out/>
</testsuite> <!-- Runner_Files.Ex9_DataTable_Runner -->
