<?xml version="1.0" encoding="UTF-8"?>
<!-- Generated by org.testng.reporters.JUnitReportReporter -->
<testsuite hostname="DESKTOP-RUC4Q20" failures="0" tests="34" name="Runner_Files.Ex13_dryRunRunner" time="0.888" errors="0" timestamp="2025-01-01T10:28:02 IST" skipped="0">
  <testcase classname="Runner_Files.Ex13_dryRunRunner" name="runScenario" time="0.030"/>
  <system-out/>
  <testcase classname="Runner_Files.Ex13_dryRunRunner" name="runScenario" time="0.019"/>
  <system-out/>
  <testcase classname="Runner_Files.Ex13_dryRunRunner" name="runScenario" time="0.015"/>
  <system-out/>
  <testcase classname="Runner_Files.Ex13_dryRunRunner" name="runScenario" time="0.023"/>
  <system-out/>
  <testcase classname="Runner_Files.Ex13_dryRunRunner" name="runScenario" time="0.036"/>
  <system-out/>
  <testcase classname="Runner_Files.Ex13_dryRunRunner" name="runScenario" time="0.021"/>
  <system-out/>
  <testcase classname="Runner_Files.Ex13_dryRunRunner" name="runScenario" time="0.040"/>
  <system-out/>
  <testcase classname="Runner_Files.Ex13_dryRunRunner" name="runScenario" time="0.016"/>
  <system-out/>
  <testcase classname="Runner_Files.Ex13_dryRunRunner" name="runScenario" time="0.017"/>
  <system-out/>
  <testcase classname="Runner_Files.Ex13_dryRunRunner" name="runScenario" time="0.032"/>
  <system-out/>
  <testcase classname="Runner_Files.Ex13_dryRunRunner" name="runScenario" time="0.191"/>
  <system-out/>
  <testcase classname="Runner_Files.Ex13_dryRunRunner" name="runScenario" time="0.009"/>
  <system-out/>
  <testcase classname="Runner_Files.Ex13_dryRunRunner" name="runScenario" time="0.025"/>
  <system-out/>
  <testcase classname="Runner_Files.Ex13_dryRunRunner" name="runScenario" time="0.030"/>
  <system-out/>
  <testcase classname="Runner_Files.Ex13_dryRunRunner" name="runScenario" time="0.023"/>
  <system-out/>
  <testcase classname="Runner_Files.Ex13_dryRunRunner" name="runScenario" time="0.022"/>
  <system-out/>
  <testcase classname="Runner_Files.Ex13_dryRunRunner" name="runScenario" time="0.021"/>
  <system-out/>
  <testcase classname="Runner_Files.Ex13_dryRunRunner" name="runScenario" time="0.025"/>
  <system-out/>
  <testcase classname="Runner_Files.Ex13_dryRunRunner" name="runScenario" time="0.017"/>
  <system-out/>
  <testcase classname="Runner_Files.Ex13_dryRunRunner" name="runScenario" time="0.009"/>
  <system-out/>
  <testcase classname="Runner_Files.Ex13_dryRunRunner" name="runScenario" time="0.025"/>
  <system-out/>
  <testcase classname="Runner_Files.Ex13_dryRunRunner" name="runScenario" time="0.025"/>
  <system-out/>
  <testcase classname="Runner_Files.Ex13_dryRunRunner" name="runScenario" time="0.014"/>
  <system-out/>
  <testcase classname="Runner_Files.Ex13_dryRunRunner" name="runScenario" time="0.026"/>
  <system-out/>
  <testcase classname="Runner_Files.Ex13_dryRunRunner" name="runScenario" time="0.017"/>
  <system-out/>
  <testcase classname="Runner_Files.Ex13_dryRunRunner" name="runScenario" time="0.028"/>
  <system-out/>
  <testcase classname="Runner_Files.Ex13_dryRunRunner" name="runScenario" time="0.014"/>
  <system-out/>
  <testcase classname="Runner_Files.Ex13_dryRunRunner" name="runScenario" time="0.013"/>
  <system-out/>
  <testcase classname="Runner_Files.Ex13_dryRunRunner" name="runScenario" time="0.017"/>
  <system-out/>
  <testcase classname="Runner_Files.Ex13_dryRunRunner" name="runScenario" time="0.023"/>
  <system-out/>
  <testcase classname="Runner_Files.Ex13_dryRunRunner" name="runScenario" time="0.021"/>
  <system-out/>
  <testcase classname="Runner_Files.Ex13_dryRunRunner" name="runScenario" time="0.013"/>
  <system-out/>
  <testcase classname="Runner_Files.Ex13_dryRunRunner" name="runScenario" time="0.010"/>
  <system-out/>
  <testcase classname="Runner_Files.Ex13_dryRunRunner" name="runScenario" time="0.021"/>
  <system-out/>
</testsuite> <!-- Runner_Files.Ex13_dryRunRunner -->
