<?xml version="1.0" encoding="UTF-8"?>
<!-- Generated by org.testng.reporters.JUnitReportReporter -->
<testsuite hostname="DESKTOP-RUC4Q20" failures="0" tests="1" name="Runner_Files.Ex3_PassTestDataFromFeatureFileToStepClass" time="0.172" errors="0" timestamp="2024-12-28T17:20:57 IST" skipped="0">
  <testcase classname="Runner_Files.Ex3_PassTestDataFromFeatureFileToStepClass" name="runScenario" time="0.172"/>
  <system-out/>
</testsuite> <!-- Runner_Files.Ex3_PassTestDataFromFeatureFileToStepClass -->
