<?xml version="1.0" encoding="UTF-8"?>
<!-- Generated by org.testng.reporters.JUnitReportReporter -->
<testsuite hostname="DESKTOP-RUC4Q20" failures="0" tests="1" name="RTE_Runner.RTE1_SwagLabLogin_Runner" time="15.065" errors="0" timestamp="2025-01-02T19:04:08 IST" skipped="0">
  <testcase classname="RTE_Runner.RTE1_SwagLabLogin_Runner" name="runScenario" time="15.065"/>
  <system-out/>
</testsuite> <!-- RTE_Runner.RTE1_SwagLabLogin_Runner -->
