<?xml version="1.0" encoding="UTF-8"?>
<!-- Generated by org.testng.reporters.JUnitReportReporter -->
<testsuite hostname="DESKTOP-RUC4Q20" failures="0" tests="1" name="RTE_Runner.RTE3_SwagLabOrder_Runner" time="21.643" errors="0" timestamp="2025-01-02T19:04:08 IST" skipped="0">
  <testcase classname="RTE_Runner.RTE3_SwagLabOrder_Runner" name="runScenario" time="21.643"/>
  <system-out/>
</testsuite> <!-- RTE_Runner.RTE3_SwagLabOrder_Runner -->
