<?xml version="1.0" encoding="UTF-8"?>
<!-- Generated by org.testng.reporters.JUnitReportReporter -->
<testsuite hostname="DESKTOP-RUC4Q20" failures="0" tests="4" name="RTE_Runner.RTE2_SwagLabProduct_Runner" time="51.919" errors="0" timestamp="2025-01-02T19:04:08 IST" skipped="0">
  <testcase classname="RTE_Runner.RTE2_SwagLabProduct_Runner" name="runScenario" time="13.003"/>
  <system-out/>
  <testcase classname="RTE_Runner.RTE2_SwagLabProduct_Runner" name="runScenario" time="12.969"/>
  <system-out/>
  <testcase classname="RTE_Runner.RTE2_SwagLabProduct_Runner" name="runScenario" time="12.994"/>
  <system-out/>
  <testcase classname="RTE_Runner.RTE2_SwagLabProduct_Runner" name="runScenario" time="12.953"/>
  <system-out/>
</testsuite> <!-- RTE_Runner.RTE2_SwagLabProduct_Runner -->
